Jun 29 13:43 : exception: Failed to open '/home/ajar/.config/mpd/mpdstate': No such file or directory
Jun 29 13:43 : exception: Failed to read mixer for 'My ALSA Device': no such mixer control: PCM
Jun 29 13:46 : update: added Pentakill/Pentakill - Smite and Ignite - 08 Orb Of Winter - 320kbps.mp3
Jun 29 13:46 : update: added Pentakill/Pentakill - Smite and Ignite - 02 Deathfire Grasp - 320kbps.mp3
Jun 29 13:46 : update: added Pentakill/Pentakill - Smite and Ignite - 06 The Prophecy - 320kbps.mp3
Jun 29 13:46 : update: added Pentakill/Pentakill - Smite and Ignite - 01 Lightbringer - 320kbps.mp3
Jun 29 13:46 : update: added Pentakill/Pentakill - Smite and Ignite - 05 The Hex Core - 320kbps.mp3
Jun 29 13:46 : update: added Pentakill/Pentakill - Smite and Ignite - 03 Ohmwrecker - 320kbps.mp3
Jun 29 13:46 : update: added Pentakill/Pentakill - Smite and Ignite - 04 Last Whisper - 320kbps.mp3
Jun 29 13:46 : update: added Pentakill/Pentakill - Smite and Ignite - 07 Thornmail - 320kbps.mp3
Jun 29 13:47 : exception: Failed to open mixer for 'My ALSA Device': no such mixer control: PCM
Jun 29 13:47 : player: played "Pentakill/Pentakill - Smite and Ignite - 01 Lightbringer - 320kbps.mp3"
Jun 29 13:51 : exception: Failed to open mixer for 'My ALSA Device': no such mixer control: PCM
Jun 29 13:56 : player: played "Pentakill/Pentakill - Smite and Ignite - 01 Lightbringer - 320kbps.mp3"
Jun 29 14:08 : exception: Failed to read mixer for 'ALSA': no such mixer control: PCM
Jun 29 14:08 : exception: Failed to open mixer for 'ALSA': no such mixer control: PCM
Jun 29 14:09 : player: played "Pentakill/Pentakill - Smite and Ignite - 01 Lightbringer - 320kbps.mp3"
Jun 29 14:09 : exception: Failed to open mixer for 'ALSA': no such mixer control: PCM
Jun 29 14:11 : player: played "Pentakill/Pentakill - Smite and Ignite - 04 Last Whisper - 320kbps.mp3"
Jun 29 14:13 : exception: Failed to read mixer for 'ALSA': no such mixer control: PCM
Jun 29 14:13 : exception: Failed to open mixer for 'ALSA': no such mixer control: PCM
Jun 29 14:16 : player: played "Pentakill/Pentakill - Smite and Ignite - 04 Last Whisper - 320kbps.mp3"
Jun 29 14:17 : exception: Failed to open mixer for 'ALSA': no such mixer control: PCM
Jun 29 14:21 : player: played "Pentakill/Pentakill - Smite and Ignite - 02 Deathfire Grasp - 320kbps.mp3"
Jun 29 18:54 : exception: Failed to read mixer for 'ALSA': no such mixer control: PCM
Jun 29 18:54 : exception: Failed to open mixer for 'ALSA': no such mixer control: PCM
Jun 29 18:54 : player: played "Pentakill/Pentakill - Smite and Ignite - 01 Lightbringer - 320kbps.mp3"
Jun 29 18:55 : exception: Failed to open mixer for 'ALSA': no such mixer control: PCM
Jun 29 18:55 : player: played "Pentakill/Pentakill - Smite and Ignite - 04 Last Whisper - 320kbps.mp3"
Jun 29 18:55 : exception: Failed to open mixer for 'ALSA': no such mixer control: PCM
Jun 29 18:55 : player: played "Pentakill/Pentakill - Smite and Ignite - 01 Lightbringer - 320kbps.mp3"
Jun 29 18:56 : exception: Failed to open mixer for 'ALSA': no such mixer control: PCM
Jun 29 18:56 : player: played "Pentakill/Pentakill - Smite and Ignite - 01 Lightbringer - 320kbps.mp3"
Jun 29 18:56 : exception: Failed to open mixer for 'ALSA': no such mixer control: PCM
Jun 29 19:01 : player: played "Pentakill/Pentakill - Smite and Ignite - 01 Lightbringer - 320kbps.mp3"
Jun 29 19:05 : player: played "Pentakill/Pentakill - Smite and Ignite - 04 Last Whisper - 320kbps.mp3"
Jun 29 19:09 : player: played "Pentakill/Pentakill - Smite and Ignite - 02 Deathfire Grasp - 320kbps.mp3"
Jun 29 19:21 : exception: Failed to open mixer for 'ALSA': no such mixer control: PCM
Jun 29 19:25 : player: played "Pentakill/Pentakill - Smite and Ignite - 01 Lightbringer - 320kbps.mp3"
Jun 29 19:29 : player: played "Pentakill/Pentakill - Smite and Ignite - 04 Last Whisper - 320kbps.mp3"
Jun 29 19:32 : player: played "Pentakill/Pentakill - Smite and Ignite - 02 Deathfire Grasp - 320kbps.mp3"
Jun 29 19:50 : exception: Failed to read mixer for 'ALSA': no such mixer control: PCM
Jun 29 20:07 : exception: Failed to read mixer for 'ALSA': no such mixer control: PCM
Jun 29 20:29 : exception: Failed to open mixer for 'ALSA': no such mixer control: PCM
Jun 29 20:29 : player: played "Pentakill/Pentakill - Smite and Ignite - 02 Deathfire Grasp - 320kbps.mp3"
Jun 29 20:30 : exception: Failed to open mixer for 'ALSA': no such mixer control: PCM
Jun 29 20:30 : player: played "Pentakill/Pentakill - Smite and Ignite - 02 Deathfire Grasp - 320kbps.mp3"
Jun 29 20:54 : exception: Failed to open mixer for 'ALSA': no such mixer control: PCM
Jun 29 20:58 : player: played "Pentakill/Pentakill - Smite and Ignite - 02 Deathfire Grasp - 320kbps.mp3"
Jun 29 21:08 : exception: Failed to open mixer for 'ALSA': no such mixer control: PCM
Jun 29 21:08 : player: played "Pentakill/Pentakill - Smite and Ignite - 01 Lightbringer - 320kbps.mp3"
Jun 29 21:13 : exception: Failed to open mixer for 'ALSA': no such mixer control: PCM
Jun 29 21:14 : player: played "Pentakill/Pentakill - Smite and Ignite - 01 Lightbringer - 320kbps.mp3"
Jun 29 21:16 : exception: Failed to open mixer for 'ALSA': no such mixer control: PCM
Jun 29 21:21 : player: played "Pentakill/Pentakill - Smite and Ignite - 01 Lightbringer - 320kbps.mp3"
Jun 29 21:24 : player: played "Pentakill/Pentakill - Smite and Ignite - 04 Last Whisper - 320kbps.mp3"
Jun 29 21:28 : alsa_output: Decoder is too slow; playing silence to avoid xrun
Jun 29 21:28 : player: played "Pentakill/Pentakill - Smite and Ignite - 02 Deathfire Grasp - 320kbps.mp3"
Jun 30 08:56 : exception: Failed to read mixer for 'ALSA': no such mixer control: PCM
Jul 01 00:13 : exception: Failed to read mixer for 'ALSA': no such mixer control: PCM
Jul 01 02:20 : exception: Failed to open mixer for 'ALSA': no such mixer control: PCM
Jul 01 02:25 : player: played "Pentakill/Pentakill - Smite and Ignite - 01 Lightbringer - 320kbps.mp3"
Jul 01 02:28 : player: played "Pentakill/Pentakill - Smite and Ignite - 04 Last Whisper - 320kbps.mp3"
Jul 01 02:32 : player: played "Pentakill/Pentakill - Smite and Ignite - 02 Deathfire Grasp - 320kbps.mp3"
Jul 01 02:37 : exception: Failed to open mixer for 'ALSA': no such mixer control: PCM
Jul 01 02:42 : player: played "Pentakill/Pentakill - Smite and Ignite - 01 Lightbringer - 320kbps.mp3"
Jul 01 02:46 : player: played "Pentakill/Pentakill - Smite and Ignite - 04 Last Whisper - 320kbps.mp3"
Jul 01 02:50 : player: played "Pentakill/Pentakill - Smite and Ignite - 02 Deathfire Grasp - 320kbps.mp3"
Jul 01 02:50 : exception: Failed to open mixer for 'ALSA': no such mixer control: PCM
Jul 01 02:55 : player: played "Pentakill/Pentakill - Smite and Ignite - 01 Lightbringer - 320kbps.mp3"
Jul 01 02:59 : player: played "Pentakill/Pentakill - Smite and Ignite - 02 Deathfire Grasp - 320kbps.mp3"
Jul 01 03:04 : player: played "Pentakill/Pentakill - Smite and Ignite - 03 Ohmwrecker - 320kbps.mp3"
Jul 01 03:08 : player: played "Pentakill/Pentakill - Smite and Ignite - 04 Last Whisper - 320kbps.mp3"
Jul 01 03:12 : player: played "Pentakill/Pentakill - Smite and Ignite - 05 The Hex Core - 320kbps.mp3"
Jul 01 03:13 : player: played "Pentakill/Pentakill - Smite and Ignite - 06 The Prophecy - 320kbps.mp3"
Jul 01 03:17 : player: played "Pentakill/Pentakill - Smite and Ignite - 07 Thornmail - 320kbps.mp3"
Jul 01 03:20 : player: played "Pentakill/Pentakill - Smite and Ignite - 08 Orb Of Winter - 320kbps.mp3"
Jul 01 03:20 : exception: Failed to open mixer for 'ALSA': no such mixer control: PCM
Jul 01 03:26 : player: played "Pentakill/Pentakill - Smite and Ignite - 01 Lightbringer - 320kbps.mp3"
Jul 01 03:29 : player: played "Pentakill/Pentakill - Smite and Ignite - 04 Last Whisper - 320kbps.mp3"
Jul 01 03:32 : player: played "Pentakill/Pentakill - Smite and Ignite - 01 Lightbringer - 320kbps.mp3"
Jul 01 03:34 : exception: Failed to open mixer for 'ALSA': no such mixer control: PCM
Jul 01 03:40 : player: played "Pentakill/Pentakill - Smite and Ignite - 03 Ohmwrecker - 320kbps.mp3"
Jul 01 03:43 : player: played "Pentakill/Pentakill - Smite and Ignite - 04 Last Whisper - 320kbps.mp3"
Jul 01 03:47 : alsa_output: Decoder is too slow; playing silence to avoid xrun
Jul 01 03:47 : player: played "Pentakill/Pentakill - Smite and Ignite - 08 Orb Of Winter - 320kbps.mp3"
Jul 01 03:53 : exception: Failed to open mixer for 'ALSA': no such mixer control: PCM
Jul 01 03:54 : player: played "Pentakill/Pentakill - Smite and Ignite - 01 Lightbringer - 320kbps.mp3"
Jul 01 03:55 : exception: Failed to open mixer for 'ALSA': no such mixer control: PCM
Jul 01 04:00 : player: played "Pentakill/Pentakill - Smite and Ignite - 01 Lightbringer - 320kbps.mp3"
Jul 01 04:04 : player: played "Pentakill/Pentakill - Smite and Ignite - 04 Last Whisper - 320kbps.mp3"
Jul 01 04:09 : player: played "Pentakill/Pentakill - Smite and Ignite - 01 Lightbringer - 320kbps.mp3"
Jul 01 04:13 : player: played "Pentakill/Pentakill - Smite and Ignite - 02 Deathfire Grasp - 320kbps.mp3"
Jul 01 04:18 : player: played "Pentakill/Pentakill - Smite and Ignite - 03 Ohmwrecker - 320kbps.mp3"
Jul 01 04:22 : player: played "Pentakill/Pentakill - Smite and Ignite - 04 Last Whisper - 320kbps.mp3"
Jul 01 04:25 : player: played "Pentakill/Pentakill - Smite and Ignite - 06 The Prophecy - 320kbps.mp3"
Jul 01 04:29 : player: played "Pentakill/Pentakill - Smite and Ignite - 07 Thornmail - 320kbps.mp3"
Jul 01 04:33 : alsa_output: Decoder is too slow; playing silence to avoid xrun
Jul 01 04:33 : player: played "Pentakill/Pentakill - Smite and Ignite - 08 Orb Of Winter - 320kbps.mp3"
Jul 01 04:35 : exception: Failed to open mixer for 'ALSA': no such mixer control: PCM
Jul 01 04:40 : player: played "Pentakill/Pentakill - Smite and Ignite - 01 Lightbringer - 320kbps.mp3"
Jul 01 04:44 : player: played "Pentakill/Pentakill - Smite and Ignite - 04 Last Whisper - 320kbps.mp3"
Jul 01 04:49 : player: played "Pentakill/Pentakill - Smite and Ignite - 01 Lightbringer - 320kbps.mp3"
Jul 01 04:49 : player: played "Pentakill/Pentakill - Smite and Ignite - 02 Deathfire Grasp - 320kbps.mp3"
Jul 01 16:07 : exception: Failed to open mixer for 'ALSA': no such mixer control: PCM
Jul 01 16:11 : player: played "Pentakill/Pentakill - Smite and Ignite - 04 Last Whisper - 320kbps.mp3"
Jul 01 16:15 : player: played "Pentakill/Pentakill - Smite and Ignite - 01 Lightbringer - 320kbps.mp3"
Jul 01 16:19 : player: played "Pentakill/Pentakill - Smite and Ignite - 02 Deathfire Grasp - 320kbps.mp3"
Jul 01 16:26 : exception: Failed to open mixer for 'ALSA': no such mixer control: PCM
Jul 01 16:27 : alsa_output: Decoder is too slow; playing silence to avoid xrun
Jul 01 16:27 : player: played "Pentakill/Pentakill - Smite and Ignite - 08 Orb Of Winter - 320kbps.mp3"
Jul 01 17:04 : update: added playlists/alt-J - Breezeblocks.mp3
Jul 01 17:04 : exception: Failed to open mixer for 'ALSA': no such mixer control: PCM
Jul 01 17:08 : player: played "playlists/alt-J - Breezeblocks.mp3"
Jul 01 17:11 : update: added playlists/The Weeknd - Save Your Tears.mp3
Jul 01 17:11 : exception: Failed to open mixer for 'ALSA': no such mixer control: PCM
Jul 01 17:14 : update: added playlists/The Neighbourhood - West Coast.mp3
Jul 01 17:15 : player: played "playlists/The Weeknd - Save Your Tears.mp3"
Jul 01 17:15 : exception: Failed to open mixer for 'ALSA': no such mixer control: PCM
Jul 01 17:19 : update: added playlists/Kungs, Ephemerals - I Feel So Bad.mp3
Jul 01 17:23 : player: played "playlists/Kungs, Ephemerals - I Feel So Bad.mp3"
Jul 01 17:24 : update: added playlists/Boyzone - Every Day I Love You.mp3
Jul 01 17:24 : update: added playlists/Dan Seals - One Friend.mp3
Jul 01 17:24 : update: added playlists/Chet Faker - Gold.mp3
Jul 01 17:24 : update: added playlists/Broken Back - Lady Bitterness.mp3
Jul 01 17:24 : exception: Failed to open mixer for 'ALSA': no such mixer control: PCM
Jul 01 17:26 : update: added playlists/Boyzone - No Matter What.mp3
Jul 01 17:28 : player: played "playlists/Boyzone - Every Day I Love You.mp3"
Jul 01 17:28 : update: added playlists/MICAR - This Time It's My Life - Radio Edit.mp3
Jul 01 17:28 : exception: Failed to open mixer for 'ALSA': no such mixer control: PCM
Jul 01 17:32 : player: played "playlists/MICAR - This Time It's My Life - Radio Edit.mp3"
Jul 01 17:32 : update: added playlists/Future - Mask Off.mp3
Jul 01 17:32 : exception: Failed to open mixer for 'ALSA': no such mixer control: PCM
Jul 01 17:37 : update: added playlists/Joe Goddard, SLO - Music Is The Answer.mp3
Jul 01 17:37 : update: added playlists/Arctic Monkeys - Do I Wanna Know.mp3
Jul 01 17:37 : update: added playlists/Arctic Monkeys - Why'd You Only Call Me When You're High.mp3
Jul 01 17:37 : update: added playlists/Marc Philippe - Dancer in the Dark.mp3
Jul 01 17:41 : player: played "playlists/Boyzone - No Matter What.mp3"
Jul 01 17:43 : update: added playlists/Zack Hemsey - The Runner.mp3
Jul 01 17:43 : update: added playlists/The Weeknd - Blinding Lights.mp3
Jul 01 17:43 : update: added playlists/Boyzone - I Love The Way You Love Me.mp3
Jul 01 17:43 : exception: Failed to open mixer for 'ALSA': no such mixer control: PCM
Jul 01 17:46 : player: played "playlists/Boyzone - I Love The Way You Love Me.mp3"
Jul 01 17:47 : exception: Failed to open mixer for 'ALSA': no such mixer control: PCM
Jul 01 17:51 : player: played "playlists/Broken Back - Lady Bitterness.mp3"
Jul 01 17:52 : update: added playlists/Jerry Folk - I'm Honestly Not a Gangster.mp3
Jul 01 17:52 : update: added playlists/Oh The Larceny - Man on a Mission.mp3
Jul 01 17:52 : update: added playlists/Twenty One Pilots - Car Radio.mp3
Jul 01 17:52 : update: added playlists/Masego, FKJ - Tadow.mp3
Jul 01 17:52 : update: added playlists/Feder - Breathe.mp3
Jul 01 17:52 : update: added playlists/Foreign Air - Free Animal.mp3
Jul 01 17:52 : update: added playlists/Chris Walker - How Do You Heal a Broken Heart.mp3
Jul 01 17:52 : update: added playlists/Wankelmut, Emma Louise - My Head Is a Jungle - (Radio Edit) [Live].mp3
Jul 01 17:52 : exception: Failed to open mixer for 'ALSA': no such mixer control: PCM
Jul 01 17:55 : update: added playlists/Fall Out Boy - Immortals.mp3
Jul 01 17:55 : update: added playlists/Dave Not Dave - Cold Blood.mp3
Jul 01 17:55 : update: added playlists/Fall Out Boy - Centuries.mp3
Jul 01 17:55 : update: added playlists/Imagine Dragons - Natural.mp3
Jul 01 17:57 : update: added playlists/Outlandish - Callin' U.mp3
Jul 01 17:57 : player: played "playlists/Wankelmut, Emma Louise - My Head Is a Jungle - (Radio Edit) [Live].mp3"
Jul 01 17:57 : exception: Failed to open mixer for 'ALSA': no such mixer control: PCM
Jul 01 18:04 : player: played "playlists/Oh The Larceny - Man on a Mission.mp3"
Jul 01 18:04 : update: added playlists/Offset, Metro Boomin - Ric Flair Drip (with Metro Boomin).mp3
Jul 01 18:04 : exception: Failed to open mixer for 'ALSA': no such mixer control: PCM
Jul 01 18:06 : update: added playlists/Ash, Naila - Give a Little.mp3
Jul 01 18:08 : player: played "playlists/alt-J - Breezeblocks.mp3"
Jul 01 18:11 : player: played "playlists/The Weeknd - Save Your Tears.mp3"
Jul 01 18:11 : update: added playlists/Michael Kiwanuka - Love & Hate.mp3
Jul 01 18:11 : update: added playlists/The Blaze - Territory.mp3
Jul 01 18:11 : update: added playlists/Ash - Una Mattina.mp3
Jul 01 18:11 : update: added playlists/Michael Kiwanuka - Cold Little Heart - Radio Edit.mp3
Jul 01 18:11 : update: added playlists/The xx - Dangerous.mp3
Jul 01 18:11 : update: added playlists/Coldplay - Hymn for the Weekend.mp3
Jul 01 18:13 : player: played "playlists/Arctic Monkeys - Why'd You Only Call Me When You're High.mp3"
Jul 01 18:14 : exception: Failed to open mixer for 'ALSA': no such mixer control: PCM
Jul 01 18:19 : player: played "playlists/Outlandish - Callin' U.mp3"
Jul 01 18:20 : exception: Failed to open mixer for 'ALSA': no such mixer control: PCM
Jul 01 18:21 : player: played "playlists/The xx - Dangerous.mp3"
Jul 01 18:23 : exception: Failed to open mixer for 'ALSA': no such mixer control: PCM
Jul 01 18:23 : player: played "playlists/Fall Out Boy - Centuries.mp3"
Jul 01 18:28 : exception: Failed to open mixer for 'ALSA': no such mixer control: PCM
Jul 01 18:29 : player: played "playlists/Fall Out Boy - Centuries.mp3"
Jul 01 18:51 : exception: Failed to read mixer for 'ALSA Output': no such mixer control: PCM
Jul 01 18:51 : exception: Failed to open mixer for 'ALSA Output': no such mixer control: PCM
Jul 01 18:55 : player: played "playlists/Fall Out Boy - Centuries.mp3"
Jul 01 18:58 : exception: Failed to read mixer for 'ALSA Output': no such mixer control: PCM
Jul 01 20:29 : player: played "playlists/Fall Out Boy - Centuries.mp3"
Jul 02 14:00 : exception: Failed to read mixer for 'ALSA Output': no such mixer control: PCM
Jul 02 14:01 : exception: Failed to open mixer for 'ALSA Output': no such mixer control: PCM
Jul 02 14:04 : player: played "playlists/Fall Out Boy - Centuries.mp3"
Jul 02 14:05 : exception: Failed to open mixer for 'ALSA Output': no such mixer control: PCM
Jul 02 14:08 : player: played "playlists/The Weeknd - Blinding Lights.mp3"
Jul 02 14:08 : exception: Failed to open mixer for 'ALSA Output': no such mixer control: PCM
Jul 02 14:12 : player: played "playlists/The Weeknd - Save Your Tears.mp3"
Jul 02 14:15 : player: played "playlists/The Neighbourhood - West Coast.mp3"
Jul 02 14:24 : exception: Failed to read mixer for 'ALSA Output': no such mixer control: PCM
Jul 02 14:24 : exception: Failed to open mixer for 'ALSA Output': no such mixer control: PCM
Jul 02 14:24 : player: played "playlists/The Weeknd - Save Your Tears.mp3"
Jul 02 14:24 : exception: Failed to open mixer for 'ALSA Output': no such mixer control: PCM
Jul 02 14:24 : alsa_output: Decoder is too slow; playing silence to avoid xrun
Jul 02 14:28 : player: played "playlists/The Weeknd - Save Your Tears.mp3"
Jul 02 14:28 : player: played "playlists/Arctic Monkeys - Do I Wanna Know.mp3"
Jul 02 14:28 : exception: Failed to open mixer for 'ALSA Output': no such mixer control: PCM
Jul 02 14:28 : player: played "playlists/Arctic Monkeys - Do I Wanna Know.mp3"
Jul 02 14:28 : exception: Failed to open mixer for 'ALSA Output': no such mixer control: PCM
Jul 02 14:32 : player: played "playlists/The Weeknd - Save Your Tears.mp3"
Jul 02 14:32 : player: played "playlists/alt-J - Breezeblocks.mp3"
Jul 02 14:32 : exception: Failed to open mixer for 'ALSA Output': no such mixer control: PCM
Jul 02 14:32 : alsa_output: Decoder is too slow; playing silence to avoid xrun
Jul 02 14:33 : player: played "playlists/alt-J - Breezeblocks.mp3"
Jul 02 14:37 : exception: Failed to open mixer for 'ALSA Output': no such mixer control: PCM
Jul 02 14:37 : alsa_output: Decoder is too slow; playing silence to avoid xrun
Jul 02 14:40 : player: played "playlists/The Weeknd - Save Your Tears.mp3"
Jul 02 14:40 : exception: Failed to open mixer for 'ALSA Output': no such mixer control: PCM
Jul 02 14:40 : alsa_output: Decoder is too slow; playing silence to avoid xrun
Jul 02 14:44 : player: played "playlists/The Weeknd - Save Your Tears.mp3"
Jul 02 14:44 : player: played "playlists/The Weeknd - Save Your Tears.mp3"
Jul 02 14:44 : exception: Failed to open mixer for 'ALSA Output': no such mixer control: PCM
Jul 02 14:48 : player: played "playlists/The Weeknd - Save Your Tears.mp3"
Jul 02 14:48 : player: played "playlists/The Neighbourhood - West Coast.mp3"
Jul 02 14:48 : exception: Failed to open mixer for 'ALSA Output': no such mixer control: PCM
Jul 02 14:52 : player: played "playlists/The Weeknd - Save Your Tears.mp3"
Jul 02 14:52 : player: played "playlists/The Neighbourhood - West Coast.mp3"
Jul 02 14:52 : exception: Failed to open mixer for 'ALSA Output': no such mixer control: PCM
Jul 02 14:52 : alsa_output: Decoder is too slow; playing silence to avoid xrun
Jul 02 14:56 : player: played "playlists/The Weeknd - Save Your Tears.mp3"
Jul 02 14:56 : player: played "playlists/The Neighbourhood - West Coast.mp3"
Jul 02 15:35 : exception: Failed to read mixer for 'ALSA Output': no such mixer control: PCM
Jul 02 15:53 : exception: Failed to open mixer for 'ALSA Output': no such mixer control: PCM
Jul 02 15:58 : player: played "playlists/Arctic Monkeys - Do I Wanna Know.mp3"
Jul 02 16:18 : exception: Failed to read mixer for 'ALSA Output': no such mixer control: PCM
Jul 02 16:26 : exception: Failed to read mixer for 'ALSA Output': no such mixer control: PCM
Jul 02 16:38 : exception: Failed to open mixer for 'ALSA Output': no such mixer control: PCM
Jul 02 16:42 : player: played "playlists/The Weeknd - Save Your Tears.mp3"
Jul 02 16:42 : player: played "playlists/The Neighbourhood - West Coast.mp3"
Jul 02 17:04 : exception: Failed to open mixer for 'ALSA Output': no such mixer control: PCM
Jul 02 17:08 : player: played "playlists/The Weeknd - Save Your Tears.mp3"
Jul 02 17:12 : player: played "playlists/The Neighbourhood - West Coast.mp3"
Jul 02 17:16 : player: played "playlists/Kungs, Ephemerals - I Feel So Bad.mp3"
Jul 02 17:19 : player: played "playlists/Boyzone - Every Day I Love You.mp3"
Jul 02 17:24 : player: played "playlists/Chet Faker - Gold.mp3"
Jul 02 17:28 : player: played "playlists/Boyzone - No Matter What.mp3"
Jul 02 17:32 : player: played "playlists/Boyzone - I Love The Way You Love Me.mp3"
Jul 02 17:36 : player: played "playlists/Broken Back - Lady Bitterness.mp3"
Jul 02 17:37 : player: played "playlists/The Weeknd - Save Your Tears.mp3"
Jul 02 17:37 : exception: Failed to open mixer for 'ALSA Output': no such mixer control: PCM
Jul 02 17:40 : player: played "playlists/The Weeknd - Save Your Tears.mp3"
Jul 02 17:41 : exception: Failed to open mixer for 'ALSA Output': no such mixer control: PCM
Jul 02 17:44 : player: played "playlists/The Weeknd - Save Your Tears.mp3"
Jul 02 17:46 : player: played "playlists/The Neighbourhood - West Coast.mp3"
Jul 02 17:46 : exception: Failed to open mixer for 'ALSA Output': no such mixer control: PCM
Jul 02 17:49 : player: played "playlists/Wankelmut, Emma Louise - My Head Is a Jungle - (Radio Edit) [Live].mp3"
Jul 02 17:49 : exception: Failed to open mixer for 'ALSA Output': no such mixer control: PCM
Jul 02 17:53 : player: played "playlists/Wankelmut, Emma Louise - My Head Is a Jungle - (Radio Edit) [Live].mp3"
Jul 02 17:57 : player: played "playlists/Dave Not Dave - Cold Blood.mp3"
Jul 02 18:00 : player: played "playlists/Oh The Larceny - Man on a Mission.mp3"
Jul 02 18:03 : player: played "playlists/Ash - Una Mattina.mp3"
Jul 02 18:03 : exception: Failed to open mixer for 'ALSA Output': no such mixer control: PCM
Jul 02 18:04 : player: played "playlists/Ash - Una Mattina.mp3"
Jul 02 18:04 : exception: Failed to open mixer for 'ALSA Output': no such mixer control: PCM
Jul 02 18:06 : player: played "playlists/Offset, Metro Boomin - Ric Flair Drip (with Metro Boomin).mp3"
Jul 02 18:10 : player: played "playlists/Ash - Una Mattina.mp3"
Jul 02 18:10 : player: played "playlists/Arctic Monkeys - Why'd You Only Call Me When You're High.mp3"
Jul 02 19:22 : exception: Failed to open mixer for 'ALSA Output': no such mixer control: PCM
Jul 02 19:25 : player: played "playlists/The Weeknd - Save Your Tears.mp3"
Jul 02 19:26 : player: played "playlists/The Neighbourhood - West Coast.mp3"
Jul 02 19:26 : exception: Failed to open mixer for 'ALSA Output': no such mixer control: PCM
Jul 02 19:26 : alsa_output: Decoder is too slow; playing silence to avoid xrun
Jul 02 19:30 : player: played "playlists/Outlandish - Callin' U.mp3"
Jul 02 19:31 : player: played "playlists/The Blaze - Territory.mp3"
Jul 02 19:31 : exception: Failed to open mixer for 'ALSA Output': no such mixer control: PCM
Jul 02 19:33 : player: played "playlists/The Weeknd - Blinding Lights.mp3"
Jul 02 20:35 : update: added playlists/Rex Orange County - Best Friend.mp3
Jul 02 20:35 : update: added playlists/Santiano - Gott muss ein Seemann sein.mp3
Jul 02 20:35 : update: added playlists/Ronan Keating - When You Say Nothing At All.mp3
Jul 02 20:35 : update: added playlists/平田志穂子 - Never More.mp3
Jul 02 20:35 : update: added playlists/Thousand Foot Krutch - Be Somebody.mp3
Jul 02 20:35 : update: added playlists/Drake, Static Major, Ty Dolla $ign - After Dark (feat. Static Major & Ty Dolla $ign).mp3
Jul 02 20:35 : update: added playlists/Blackmill - Lucid Truth.mp3
Jul 02 20:35 : update: added playlists/Thousand Foot Krutch - Untraveled Road.mp3
Jul 02 20:35 : update: added playlists/Lyn - Life Will Change.mp3
Jul 02 20:35 : update: added playlists/Rex Orange County - Sunflower.mp3
Jul 02 20:35 : update: added playlists/平田志穂子 - Signs Of Love.mp3
Jul 02 20:35 : update: added playlists/anees - sun and moon.mp3
Jul 02 20:35 : update: added playlists/Chevelle - The Red.mp3
Jul 02 20:35 : update: added playlists/Andra, Mara - Sweet Dreams.mp3
Jul 02 20:35 : update: added playlists/James Paget - Rubicon.mp3
Jul 02 20:35 : update: added playlists/Santiano - Lieder der Freiheit.mp3
Jul 02 20:35 : update: added playlists/Blackmill - The Drift.mp3
Jul 02 20:35 : update: added playlists/Drake - Passionfruit.mp3
Jul 02 20:35 : update: added playlists/Mac Ayres - Easy.mp3
Jul 02 20:35 : update: added playlists/Lyn - Beneath the Mask -rain-.mp3
Jul 02 20:35 : update: added playlists/Daughtry - What About Now.mp3
Jul 02 20:35 : update: added playlists/HONNE - Day 1 ◑.mp3
Jul 02 20:35 : update: added playlists/Jeff Bernat - Cruel.mp3
Jul 02 20:35 : update: added playlists/Andra - Why.mp3
Jul 02 20:35 : update: added playlists/アトラスサウンドチーム - Keeper of Lust.mp3
Jul 02 20:35 : update: added playlists/平田志穂子 - Your Affection.mp3
Jul 02 20:35 : exception: Failed to open mixer for 'ALSA Output': no such mixer control: PCM
Jul 02 20:35 : alsa_output: Decoder is too slow; playing silence to avoid xrun
Jul 02 20:39 : player: played "playlists/Chevelle - The Red.mp3"
Jul 02 20:41 : exception: Failed to open mixer for 'ALSA Output': no such mixer control: PCM
Jul 02 20:43 : player: played "playlists/Andra - Why.mp3"
Jul 02 20:43 : exception: Failed to open mixer for 'ALSA Output': no such mixer control: PCM
Jul 02 20:47 : player: played "playlists/Santiano - Gott muss ein Seemann sein.mp3"
Jul 02 21:17 : update: added playlists/The Script - Hall of Fame (feat. will.i.am).mp3
Jul 02 21:17 : exception: Failed to open mixer for 'ALSA Output': no such mixer control: PCM
Jul 02 21:17 : player: played "playlists/The Script - Hall of Fame (feat. will.i.am).mp3"
Jul 02 21:17 : exception: Failed to open mixer for 'ALSA Output': no such mixer control: PCM
Jul 02 21:17 : alsa_output: Decoder is too slow; playing silence to avoid xrun
Jul 02 21:17 : player: played "playlists/The Script - Hall of Fame (feat. will.i.am).mp3"
Jul 02 21:29 : exception: Failed to open mixer for 'ALSA Output': no such mixer control: PCM
Jul 02 21:33 : player: played "playlists/The Weeknd - Save Your Tears.mp3"
Jul 02 21:37 : player: played "playlists/The Neighbourhood - West Coast.mp3"
Jul 02 21:41 : player: played "playlists/Boyzone - Every Day I Love You.mp3"
Jul 02 21:45 : player: played "playlists/Chet Faker - Gold.mp3"
Jul 02 21:50 : player: played "playlists/Boyzone - No Matter What.mp3"
Jul 02 21:50 : player: played "playlists/Boyzone - No Matter What.mp3"
Jul 02 21:50 : exception: Failed to open mixer for 'ALSA Output': no such mixer control: PCM
Jul 02 21:51 : alsa_output: Decoder is too slow; playing silence to avoid xrun
Jul 02 21:55 : player: played "playlists/Boyzone - No Matter What.mp3"
Jul 02 21:59 : player: played "playlists/Boyzone - I Love The Way You Love Me.mp3"
Jul 02 22:02 : player: played "playlists/Broken Back - Lady Bitterness.mp3"
Jul 02 22:03 : player: played "playlists/Marc Philippe - Dancer in the Dark.mp3"
Jul 03 09:17 : exception: Failed to read mixer for 'ALSA Output': no such mixer control: PCM
Jul 03 09:18 : exception: Failed to open mixer for 'ALSA Output': no such mixer control: PCM
Jul 03 09:22 : player: played "playlists/The Weeknd - Save Your Tears.mp3"
Jul 03 09:22 : player: played "playlists/The Neighbourhood - West Coast.mp3"
Jul 03 09:22 : exception: Failed to open mixer for 'ALSA Output': no such mixer control: PCM
Jul 03 09:27 : player: played "playlists/Drake - Passionfruit.mp3"
Jul 03 09:28 : exception: Failed to open mixer for 'ALSA Output': no such mixer control: PCM
Jul 03 09:29 : player: played "playlists/Blackmill - The Drift.mp3"
Jul 03 09:29 : exception: Failed to open mixer for 'ALSA Output': no such mixer control: PCM
Jul 03 09:29 : alsa_output: Decoder is too slow; playing silence to avoid xrun
Jul 03 09:32 : player: played "playlists/Blackmill - The Drift.mp3"
Jul 03 09:36 : exception: Failed to open mixer for 'ALSA Output': no such mixer control: PCM
Jul 03 09:36 : alsa_output: Decoder is too slow; playing silence to avoid xrun
Jul 03 09:36 : player: played "playlists/Zack Hemsey - The Runner.mp3"
Jul 03 09:36 : exception: Failed to open mixer for 'ALSA Output': no such mixer control: PCM
Jul 03 09:36 : alsa_output: Decoder is too slow; playing silence to avoid xrun
Jul 03 09:40 : player: played "playlists/Zack Hemsey - The Runner.mp3"
Jul 03 09:41 : update: added playlists/Martin Garrix, Bono, The Edge - We Are The People (Martin Garrix Remix) (feat. Bono & The Edge) - Official UEFA EURO 2020 Song.mp3
Jul 03 09:41 : exception: Failed to open mixer for 'ALSA Output': no such mixer control: PCM
Jul 03 09:45 : player: played "playlists/Martin Garrix, Bono, The Edge - We Are The People (Martin Garrix Remix) (feat. Bono & The Edge) - Official UEFA EURO 2020 Song.mp3"
Jul 03 09:45 : exception: Failed to open mixer for 'ALSA Output': no such mixer control: PCM
Jul 03 09:47 : player: played "playlists/Coldplay - Hymn for the Weekend.mp3"
Jul 03 09:47 : exception: Failed to open mixer for 'ALSA Output': no such mixer control: PCM
Jul 03 09:47 : alsa_output: Decoder is too slow; playing silence to avoid xrun
Jul 03 09:52 : player: played "playlists/Twenty One Pilots - Car Radio.mp3"
Jul 03 09:52 : exception: Failed to open mixer for 'ALSA Output': no such mixer control: PCM
Jul 03 09:55 : player: played "playlists/The Script - Hall of Fame (feat. will.i.am).mp3"
Jul 03 09:55 : exception: Failed to open mixer for 'ALSA Output': no such mixer control: PCM
Jul 03 09:59 : player: played "playlists/Thousand Foot Krutch - Untraveled Road.mp3"
Jul 03 10:00 : exception: Failed to open mixer for 'ALSA Output': no such mixer control: PCM
Jul 03 10:03 : player: played "playlists/The Weeknd - Blinding Lights.mp3"
Jul 03 10:03 : exception: Failed to open mixer for 'ALSA Output': no such mixer control: PCM
Jul 03 10:03 : alsa_output: Decoder is too slow; playing silence to avoid xrun
Jul 03 10:06 : player: played "Pentakill/Pentakill - Smite and Ignite - 04 Last Whisper - 320kbps.mp3"
Jul 03 10:07 : exception: Failed to open mixer for 'ALSA Output': no such mixer control: PCM
Jul 03 10:07 : alsa_output: Decoder is too slow; playing silence to avoid xrun
Jul 03 10:10 : player: played "playlists/MICAR - This Time It's My Life - Radio Edit.mp3"
Jul 03 10:13 : player: played "playlists/Andra, Mara - Sweet Dreams.mp3"
Jul 03 10:13 : exception: Failed to open mixer for 'ALSA Output': no such mixer control: PCM
Jul 03 10:13 : alsa_output: Decoder is too slow; playing silence to avoid xrun
Jul 03 10:16 : player: played "playlists/Andra, Mara - Sweet Dreams.mp3"
Jul 03 10:16 : exception: Failed to open mixer for 'ALSA Output': no such mixer control: PCM
Jul 03 10:19 : player: played "playlists/Jerry Folk - I'm Honestly Not a Gangster.mp3"
Jul 03 10:19 : exception: Failed to open mixer for 'ALSA Output': no such mixer control: PCM
Jul 03 10:19 : alsa_output: Decoder is too slow; playing silence to avoid xrun
Jul 03 10:19 : player: played "playlists/Blackmill - Lucid Truth.mp3"
Jul 03 10:19 : exception: Failed to open mixer for 'ALSA Output': no such mixer control: PCM
Jul 03 10:19 : alsa_output: Decoder is too slow; playing silence to avoid xrun
Jul 03 10:23 : player: played "playlists/Thousand Foot Krutch - Be Somebody.mp3"
Jul 03 10:25 : exception: Failed to open mixer for 'ALSA Output': no such mixer control: PCM
Jul 03 10:29 : player: played "playlists/Jeff Bernat - Cruel.mp3"
Jul 03 10:30 : exception: Failed to open mixer for 'ALSA Output': no such mixer control: PCM
Jul 03 10:36 : player: played "playlists/Mac Ayres - Easy.mp3"
Jul 03 10:36 : exception: Failed to open mixer for 'ALSA Output': no such mixer control: PCM
Jul 03 10:40 : player: played "playlists/Chris Walker - How Do You Heal a Broken Heart.mp3"
Jul 03 10:40 : exception: Failed to open mixer for 'ALSA Output': no such mixer control: PCM
Jul 03 10:40 : alsa_output: Decoder is too slow; playing silence to avoid xrun
Jul 03 10:45 : player: played "playlists/Chris Walker - How Do You Heal a Broken Heart.mp3"
Jul 03 10:46 : exception: Failed to open mixer for 'ALSA Output': no such mixer control: PCM
Jul 03 10:48 : player: played "playlists/Dan Seals - One Friend.mp3"
Jul 03 10:48 : exception: Failed to open mixer for 'ALSA Output': no such mixer control: PCM
Jul 03 10:54 : player: played "playlists/平田志穂子 - Never More.mp3"
Jul 03 11:06 : exception: Failed to open mixer for 'ALSA Output': no such mixer control: PCM
Jul 03 11:10 : player: played "playlists/Santiano - Gott muss ein Seemann sein.mp3"
Jul 03 11:10 : player: played "playlists/The Script - Hall of Fame (feat. will.i.am).mp3"
Jul 03 11:10 : exception: Failed to open mixer for 'ALSA Output': no such mixer control: PCM
Jul 03 11:14 : player: played "Pentakill/Pentakill - Smite and Ignite - 08 Orb Of Winter - 320kbps.mp3"
Jul 03 11:14 : exception: Failed to open mixer for 'ALSA Output': no such mixer control: PCM
Jul 03 11:17 : player: played "playlists/alt-J - Breezeblocks.mp3"
Jul 03 11:21 : player: played "playlists/The Weeknd - Save Your Tears.mp3"
Jul 03 11:25 : player: played "playlists/The Neighbourhood - West Coast.mp3"
Jul 03 11:29 : player: played "playlists/Boyzone - Every Day I Love You.mp3"
Jul 03 11:34 : player: played "playlists/Chet Faker - Gold.mp3"
Jul 03 11:38 : player: played "playlists/Boyzone - No Matter What.mp3"
Jul 03 11:42 : player: played "playlists/Boyzone - I Love The Way You Love Me.mp3"
Jul 03 11:42 : player: played "playlists/Broken Back - Lady Bitterness.mp3"
Jul 04 15:37 : exception: Failed to read mixer for 'ALSA Output': no such mixer control: PCM
Jul 04 16:04 : exception: Failed to open mixer for 'ALSA Output': no such mixer control: PCM
Jul 04 16:07 : player: played "Pentakill/Pentakill - Smite and Ignite - 04 Last Whisper - 320kbps.mp3"
Jul 04 16:11 : exception: Failed to open mixer for 'ALSA Output': no such mixer control: PCM
Jul 04 16:11 : alsa_output: Decoder is too slow; playing silence to avoid xrun
Jul 04 16:15 : player: played "playlists/The Weeknd - Save Your Tears.mp3"
Jul 04 16:15 : player: played "playlists/The Neighbourhood - West Coast.mp3"
Jul 04 16:15 : exception: Failed to open mixer for 'ALSA Output': no such mixer control: PCM
Jul 04 16:18 : player: played "playlists/Fall Out Boy - Centuries.mp3"
Jul 04 16:19 : exception: Failed to open mixer for 'ALSA Output': no such mixer control: PCM
Jul 04 16:19 : player: played "playlists/Arctic Monkeys - Do I Wanna Know.mp3"
Jul 04 16:19 : exception: Failed to open mixer for 'ALSA Output': no such mixer control: PCM
Jul 04 16:24 : player: played "playlists/Drake - Passionfruit.mp3"
Jul 04 16:24 : player: played "playlists/アトラスサウンドチーム - Keeper of Lust.mp3"
Jul 04 16:41 : exception: Failed to open mixer for 'ALSA Output': no such mixer control: PCM
Jul 04 16:41 : alsa_output: Decoder is too slow; playing silence to avoid xrun
Jul 04 16:41 : player: played "playlists/平田志穂子 - Never More.mp3"
Jul 09 14:10 : exception: Failed to read mixer for 'ALSA Output': no such mixer control: PCM
Jul 09 14:13 : exception: Failed to open mixer for 'ALSA Output': no such mixer control: PCM
Jul 09 14:13 : player: played "playlists/The Weeknd - Save Your Tears.mp3"
Jul 09 14:13 : exception: Failed to open mixer for 'ALSA Output': no such mixer control: PCM
Jul 09 14:13 : alsa_output: Decoder is too slow; playing silence to avoid xrun
Jul 09 14:13 : player: played "playlists/The Weeknd - Save Your Tears.mp3"
Jul 09 14:13 : exception: Failed to open mixer for 'ALSA Output': no such mixer control: PCM
Jul 09 14:13 : alsa_output: Decoder is too slow; playing silence to avoid xrun
Jul 09 14:13 : player: played "playlists/The Weeknd - Save Your Tears.mp3"
Jul 09 14:14 : exception: Failed to open mixer for 'ALSA Output': no such mixer control: PCM
Jul 09 14:14 : player: played "playlists/The Neighbourhood - West Coast.mp3"
Jul 09 14:14 : exception: Failed to open mixer for 'ALSA Output': no such mixer control: PCM
Jul 09 14:14 : player: played "playlists/The Weeknd - Save Your Tears.mp3"
Jul 09 14:15 : exception: Failed to open mixer for 'ALSA Output': no such mixer control: PCM
Jul 09 14:15 : player: played "playlists/The Neighbourhood - West Coast.mp3"
Jul 09 14:15 : exception: Failed to open mixer for 'ALSA Output': no such mixer control: PCM
Jul 09 14:15 : alsa_output: Decoder is too slow; playing silence to avoid xrun
Jul 09 14:15 : player: played "playlists/The Neighbourhood - West Coast.mp3"
Jul 09 14:21 : exception: Failed to read mixer for 'ALSA Output': no such mixer control: PCM
Jul 09 14:22 : exception: Failed to open mixer for 'ALSA Output': no such mixer control: PCM
Jul 09 14:22 : player: played "playlists/The Neighbourhood - West Coast.mp3"
Jul 09 14:22 : exception: Failed to open mixer for 'ALSA Output': no such mixer control: PCM
Jul 09 14:22 : alsa_output: Decoder is too slow; playing silence to avoid xrun
Jul 09 14:22 : player: played "playlists/Boyzone - Every Day I Love You.mp3"
Jul 09 14:22 : exception: Failed to open mixer for 'ALSA Output': no such mixer control: PCM
Jul 09 14:39 : player: played "playlists/Boyzone - Every Day I Love You.mp3"
Failed to create secure directory ($(mktemp -d /tmp/$(id -u)-runtime-dir.XXX)/pulse): No such file or directory
Jul 09 14:40 : exception: Failed to open "ALSA Output" (alsa); Failed to open ALSA device "default": Host is down
Jul 09 14:40 : exception: Failed to read mixer for 'ALSA Output': failed to attach to default: Host is down
Jul 09 14:40 : player: played "playlists/Boyzone - Every Day I Love You.mp3"
Jul 09 14:41 : exception: Failed to open "ALSA Output" (alsa); Failed to open ALSA device "default": Host is down
Jul 09 14:41 : player: played "playlists/Chet Faker - Gold.mp3"
